Log file open, 05/28/18 18:20:28
LogWindows: Failed to load 'aqProf.dll' (GetLastError=126)
LogWindows: File 'aqProf.dll' does not exist
LogWindows: Failed to load 'VtuneApi.dll' (GetLastError=126)
LogWindows: File 'VtuneApi.dll' does not exist
LogWindows: Failed to load 'VtuneApi32e.dll' (GetLastError=126)
LogWindows: File 'VtuneApi32e.dll' does not exist
LogInit: Display: Running engine for game: EscapeGame
LogPlatformFile: Not using cached read wrapper
LogInit: Display: RandInit(-1573908896) SRandInit(-1573908896).
LogInit: Read version file with build ID '3944462'
LogInit: Overriding engine version to CL 4033788, compatible CL 3944462
LogInit: Registered custom module enumerator with build ID '3944462'
LogTaskGraph: Started task graph with 5 named threads and 11 total threads with 3 sets of task threads.
LogStats: Stats thread started at 0.154869
LogD3D11RHI: Aftermath initialized
LogICUInternationalization: Display: ICU TimeZone Detection - Raw Offset: +1:00, Platform Override: ''
LogPluginManager: Mounting plugin Paper2D
LogPluginManager: Mounting plugin LiveLink
LogPluginManager: Mounting plugin LightPropagationVolume
LogPluginManager: Mounting plugin CLionSourceCodeAccess
LogPluginManager: Mounting plugin CodeLiteSourceCodeAccess
LogPluginManager: Mounting plugin GitSourceControl
LogPluginManager: Mounting plugin KDevelopSourceCodeAccess
LogPluginManager: Mounting plugin NullSourceCodeAccess
LogPluginManager: Mounting plugin PerforceSourceControl
LogPluginManager: Mounting plugin SubversionSourceControl
LogPluginManager: Mounting plugin UObjectPlugin
LogPluginManager: Mounting plugin VisualStudioCodeSourceCodeAccess
LogPluginManager: Mounting plugin VisualStudioSourceCodeAccess
LogPluginManager: Mounting plugin XCodeSourceCodeAccess
LogPluginManager: Mounting plugin AssetManagerEditor
LogPluginManager: Mounting plugin CryptoKeys
LogPluginManager: Mounting plugin DataValidation
LogPluginManager: Mounting plugin FacialAnimation
LogPluginManager: Mounting plugin GameplayTagsEditor
LogPluginManager: Mounting plugin MobileLauncherProfileWizard
LogPluginManager: Mounting plugin PluginBrowser
LogPluginManager: Mounting plugin SpeedTreeImporter
LogPluginManager: Mounting plugin DatasmithContent
LogPluginManager: Mounting plugin AlembicImporter
LogPluginManager: Mounting plugin CharacterAI
LogPluginManager: Mounting plugin HTML5Networking
LogPluginManager: Mounting plugin AndroidMedia
LogPluginManager: Mounting plugin AvfMedia
LogPluginManager: Mounting plugin ImgMedia
LogPluginManager: Mounting plugin LinearTimecode
LogPluginManager: Mounting plugin MediaCompositing
LogPluginManager: Mounting plugin MediaPlayerEditor
LogPluginManager: Mounting plugin WmfMedia
LogPluginManager: Mounting plugin TcpMessaging
LogPluginManager: Mounting plugin UdpMessaging
LogPluginManager: Mounting plugin ActorSequence
LogPluginManager: Mounting plugin LevelSequenceEditor
LogPluginManager: Mounting plugin MatineeToLevelSequence
LogPluginManager: Mounting plugin NetcodeUnitTest
LogPluginManager: Mounting plugin NUTUnrealEngine4
LogPluginManager: Mounting plugin OnlineSubsystemGooglePlay
LogPluginManager: Mounting plugin OnlineSubsystemIOS
LogPluginManager: Mounting plugin OnlineSubsystem
LogPluginManager: Mounting plugin OnlineSubsystemNull
LogPluginManager: Mounting plugin OnlineSubsystemUtils
LogPluginManager: Mounting plugin AndroidDeviceProfileSelector
LogPluginManager: Mounting plugin AndroidMoviePlayer
LogPluginManager: Mounting plugin AndroidPermission
LogPluginManager: Mounting plugin AppleARKit
LogPluginManager: Mounting plugin AppleMoviePlayer
LogPluginManager: Mounting plugin ArchVisCharacter
LogPluginManager: Mounting plugin AudioCapture
LogPluginManager: Mounting plugin CableComponent
LogPluginManager: Mounting plugin CustomMeshComponent
LogPluginManager: Mounting plugin ExampleDeviceProfileSelector
LogPluginManager: Mounting plugin GoogleCloudMessaging
LogPluginManager: Mounting plugin ImmediatePhysics
LogPluginManager: Mounting plugin IOSDeviceProfileSelector
LogPluginManager: Mounting plugin LinuxDeviceProfileSelector
LogPluginManager: Mounting plugin LocationServicesBPLibrary
LogPluginManager: Mounting plugin MobilePatchingUtils
LogPluginManager: Mounting plugin OculusVR
LogPluginManager: Plugin shader directory ../../../Engine/Plugins/Runtime/Oculus/OculusVR/Shaders found
LogPluginManager: Mapping shader source directory ../../../Engine/Plugins/Runtime/Oculus/OculusVR/Shaders to virtual directory /Plugin/OculusVR
LogPluginManager: Mounting plugin PhysXVehicles
LogPluginManager: Mounting plugin ProceduralMeshComponent
LogPluginManager: Mounting plugin RuntimePhysXCooking
LogPluginManager: Mounting plugin SteamVR
LogPluginManager: Mounting plugin WindowsMoviePlayer
LogStreaming: Display: Took  0.305s to configure plugins.
LogModuleManager: Display: Found up-to-date module file ../../../../../../GitHub/EscapeGame/EscapeGame/Binaries/Win64/UE4Editor-EscapeGame.dll (API version 3944462).
LogModuleManager: Display: Found up-to-date module file ../../../Engine/Plugins/2D/Paper2D/Binaries/Win64/UE4Editor-Paper2D.dll (API version 3944462).
LogModuleManager: Display: Found up-to-date module file ../../../Engine/Plugins/2D/Paper2D/Binaries/Win64/UE4Editor-Paper2DEditor.dll (API version 3944462).
LogModuleManager: Display: Found up-to-date module file ../../../Engine/Plugins/2D/Paper2D/Binaries/Win64/UE4Editor-PaperSpriteSheetImporter.dll (API version 3944462).
LogModuleManager: Display: Found up-to-date module file ../../../Engine/Plugins/2D/Paper2D/Binaries/Win64/UE4Editor-PaperTiledImporter.dll (API version 3944462).
LogModuleManager: Display: Found up-to-date module file ../../../Engine/Plugins/2D/Paper2D/Binaries/Win64/UE4Editor-SmartSnapping.dll (API version 3944462).
LogModuleManager: Display: Found up-to-date module file ../../../Engine/Plugins/Animation/LiveLink/Binaries/Win64/UE4Editor-LiveLink.dll (API version 3944462).
LogModuleManager: Display: Found up-to-date module file ../../../Engine/Plugins/Animation/LiveLink/Binaries/Win64/UE4Editor-LiveLinkEditor.dll (API version 3944462).
LogModuleManager: Display: Found up-to-date module file ../../../Engine/Plugins/Blendables/LightPropagationVolume/Binaries/Win64/UE4Editor-LightPropagationVolumeRuntime.dll (API version 3944462).
LogModuleManager: Display: Found up-to-date module file ../../../Engine/Plugins/Blendables/LightPropagationVolume/Binaries/Win64/UE4Editor-LightPropagationVolumeEditor.dll (API version 3944462).
LogModuleManager: Display: Found up-to-date module file ../../../Engine/Plugins/Developer/CLionSourceCodeAccess/Binaries/Win64/UE4Editor-CLionSourceCodeAccess.dll (API version 3944462).
LogModuleManager: Display: Found up-to-date module file ../../../Engine/Plugins/Developer/GitSourceControl/Binaries/Win64/UE4Editor-GitSourceControl.dll (API version 3944462).
LogModuleManager: Display: Found up-to-date module file ../../../Engine/Plugins/Developer/PerforceSourceControl/Binaries/Win64/UE4Editor-PerforceSourceControl.dll (API version 3944462).
LogModuleManager: Display: Found up-to-date module file ../../../Engine/Plugins/Developer/SubversionSourceControl/Binaries/Win64/UE4Editor-SubversionSourceControl.dll (API version 3944462).
LogModuleManager: Display: Found up-to-date module file ../../../Engine/Plugins/Developer/UObjectPlugin/Binaries/Win64/UE4Editor-UObjectPlugin.dll (API version 3944462).
LogModuleManager: Display: Found up-to-date module file ../../../Engine/Plugins/Developer/VisualStudioCodeSourceCodeAccess/Binaries/Win64/UE4Editor-VisualStudioCodeSourceCodeAccess.dll (API version 3944462).
LogModuleManager: Display: Found up-to-date module file ../../../Engine/Plugins/Developer/VisualStudioSourceCodeAccess/Binaries/Win64/UE4Editor-VisualStudioSourceCodeAccess.dll (API version 3944462).
LogModuleManager: Display: Found up-to-date module file ../../../Engine/Plugins/Editor/AssetManagerEditor/Binaries/Win64/UE4Editor-AssetManagerEditor.dll (API version 3944462).
LogModuleManager: Display: Found up-to-date module file ../../../Engine/Plugins/Editor/CryptoKeys/Binaries/Win64/UE4Editor-CryptoKeys.dll (API version 3944462).
LogModuleManager: Display: Found up-to-date module file ../../../Engine/Plugins/Editor/CryptoKeys/Binaries/Win64/UE4Editor-CryptoKeysOpenSSL.dll (API version 3944462).
LogModuleManager: Display: Found up-to-date module file ../../../Engine/Plugins/Editor/DataValidation/Binaries/Win64/UE4Editor-DataValidation.dll (API version 3944462).
LogModuleManager: Display: Found up-to-date module file ../../../Engine/Plugins/Editor/FacialAnimation/Binaries/Win64/UE4Editor-FacialAnimation.dll (API version 3944462).
LogModuleManager: Display: Found up-to-date module file ../../../Engine/Plugins/Editor/FacialAnimation/Binaries/Win64/UE4Editor-FacialAnimationEditor.dll (API version 3944462).
LogModuleManager: Display: Found up-to-date module file ../../../Engine/Plugins/Editor/GameplayTagsEditor/Binaries/Win64/UE4Editor-GameplayTagsEditor.dll (API version 3944462).
LogModuleManager: Display: Found up-to-date module file ../../../Engine/Plugins/Editor/MobileLauncherProfileWizard/Binaries/Win64/UE4Editor-MobileLauncherProfileWizard.dll (API version 3944462).
LogModuleManager: Display: Found up-to-date module file ../../../Engine/Plugins/Editor/PluginBrowser/Binaries/Win64/UE4Editor-PluginBrowser.dll (API version 3944462).
LogModuleManager: Display: Found up-to-date module file ../../../Engine/Plugins/Editor/SpeedTreeImporter/Binaries/Win64/UE4Editor-SpeedTreeImporter.dll (API version 3944462).
LogModuleManager: Display: Found up-to-date module file ../../../Engine/Plugins/Enterprise/DatasmithContent/Binaries/Win64/UE4Editor-DatasmithContent.dll (API version 3944462).
LogModuleManager: Display: Found up-to-date module file ../../../Engine/Plugins/Experimental/AlembicImporter/Binaries/Win64/UE4Editor-AlembicImporter.dll (API version 3944462).
LogModuleManager: Display: Found up-to-date module file ../../../Engine/Plugins/Experimental/AlembicImporter/Binaries/Win64/UE4Editor-AlembicLibrary.dll (API version 3944462).
LogModuleManager: Display: Found up-to-date module file ../../../Engine/Plugins/Experimental/CharacterAI/Binaries/Win64/UE4Editor-CharacterAI.dll (API version 3944462).
LogModuleManager: Display: Found up-to-date module file ../../../Engine/Plugins/Experimental/HTML5Networking/Binaries/Win64/UE4Editor-HTML5Networking.dll (API version 3944462).
LogModuleManager: Display: Found up-to-date module file ../../../Engine/Plugins/Media/AndroidMedia/Binaries/Win64/UE4Editor-AndroidMediaEditor.dll (API version 3944462).
LogModuleManager: Display: Found up-to-date module file ../../../Engine/Plugins/Media/AndroidMedia/Binaries/Win64/UE4Editor-AndroidMediaFactory.dll (API version 3944462).
LogModuleManager: Display: Found up-to-date module file ../../../Engine/Plugins/Media/AvfMedia/Binaries/Win64/UE4Editor-AvfMediaEditor.dll (API version 3944462).
LogModuleManager: Display: Found up-to-date module file ../../../Engine/Plugins/Media/AvfMedia/Binaries/Win64/UE4Editor-AvfMediaFactory.dll (API version 3944462).
LogModuleManager: Display: Found up-to-date module file ../../../Engine/Plugins/Media/AvfMedia/Binaries/Win64/UE4Editor-AvfMediaFactory.dll (API version 3944462).
LogModuleManager: Display: Found up-to-date module file ../../../Engine/Plugins/Media/ImgMedia/Binaries/Win64/UE4Editor-ImgMedia.dll (API version 3944462).
LogModuleManager: Display: Found up-to-date module file ../../../Engine/Plugins/Media/ImgMedia/Binaries/Win64/UE4Editor-ImgMediaEditor.dll (API version 3944462).
LogModuleManager: Display: Found up-to-date module file ../../../Engine/Plugins/Media/ImgMedia/Binaries/Win64/UE4Editor-ImgMediaFactory.dll (API version 3944462).
LogModuleManager: Display: Found up-to-date module file ../../../Engine/Plugins/Media/ImgMedia/Binaries/Win64/UE4Editor-ImgMediaFactory.dll (API version 3944462).
LogModuleManager: Display: Found up-to-date module file ../../../Engine/Plugins/Media/ImgMedia/Binaries/Win64/UE4Editor-OpenExrWrapper.dll (API version 3944462).
LogModuleManager: Display: Found up-to-date module file ../../../Engine/Plugins/Media/LinearTimecode/Binaries/Win64/UE4Editor-LinearTimecode.dll (API version 3944462).
LogModuleManager: Display: Found up-to-date module file ../../../Engine/Plugins/Media/MediaCompositing/Binaries/Win64/UE4Editor-MediaCompositing.dll (API version 3944462).
LogModuleManager: Display: Found up-to-date module file ../../../Engine/Plugins/Media/MediaCompositing/Binaries/Win64/UE4Editor-MediaCompositingEditor.dll (API version 3944462).
LogModuleManager: Display: Found up-to-date module file ../../../Engine/Plugins/Media/MediaPlayerEditor/Binaries/Win64/UE4Editor-MediaPlayerEditor.dll (API version 3944462).
LogModuleManager: Display: Found up-to-date module file ../../../Engine/Plugins/Media/WmfMedia/Binaries/Win64/UE4Editor-WmfMedia.dll (API version 3944462).
LogModuleManager: Display: Found up-to-date module file ../../../Engine/Plugins/Media/WmfMedia/Binaries/Win64/UE4Editor-WmfMediaEditor.dll (API version 3944462).
LogModuleManager: Display: Found up-to-date module file ../../../Engine/Plugins/Media/WmfMedia/Binaries/Win64/UE4Editor-WmfMediaFactory.dll (API version 3944462).
LogModuleManager: Display: Found up-to-date module file ../../../Engine/Plugins/Media/WmfMedia/Binaries/Win64/UE4Editor-WmfMediaFactory.dll (API version 3944462).
LogModuleManager: Display: Found up-to-date module file ../../../Engine/Plugins/Messaging/TcpMessaging/Binaries/Win64/UE4Editor-TcpMessaging.dll (API version 3944462).
LogModuleManager: Display: Found up-to-date module file ../../../Engine/Plugins/Messaging/UdpMessaging/Binaries/Win64/UE4Editor-UdpMessaging.dll (API version 3944462).
LogModuleManager: Display: Found up-to-date module file ../../../Engine/Plugins/MovieScene/ActorSequence/Binaries/Win64/UE4Editor-ActorSequence.dll (API version 3944462).
LogModuleManager: Display: Found up-to-date module file ../../../Engine/Plugins/MovieScene/LevelSequenceEditor/Binaries/Win64/UE4Editor-LevelSequenceEditor.dll (API version 3944462).
LogModuleManager: Display: Found up-to-date module file ../../../Engine/Plugins/MovieScene/MatineeToLevelSequence/Binaries/Win64/UE4Editor-MatineeToLevelSequence.dll (API version 3944462).
LogModuleManager: Display: Found up-to-date module file ../../../Engine/Plugins/NetcodeUnitTest/NetcodeUnitTest/Binaries/Win64/UE4Editor-NetcodeUnitTest.dll (API version 3944462).
LogModuleManager: Display: Found up-to-date module file ../../../Engine/Plugins/NetcodeUnitTest/NUTUnrealEngine4/Binaries/Win64/UE4Editor-NUTUnrealEngine4.dll (API version 3944462).
LogModuleManager: Display: Found up-to-date module file ../../../Engine/Plugins/Online/OnlineSubsystem/Binaries/Win64/UE4Editor-OnlineSubsystem.dll (API version 3944462).
LogModuleManager: Display: Found up-to-date module file ../../../Engine/Plugins/Online/OnlineSubsystemNull/Binaries/Win64/UE4Editor-OnlineSubsystemNull.dll (API version 3944462).
LogModuleManager: Display: Found up-to-date module file ../../../Engine/Plugins/Online/OnlineSubsystemUtils/Binaries/Win64/UE4Editor-OnlineSubsystemUtils.dll (API version 3944462).
LogModuleManager: Display: Found up-to-date module file ../../../Engine/Plugins/Online/OnlineSubsystemUtils/Binaries/Win64/UE4Editor-OnlineBlueprintSupport.dll (API version 3944462).
LogModuleManager: Display: Found up-to-date module file ../../../Engine/Plugins/Runtime/AndroidDeviceProfileSelector/Binaries/Win64/UE4Editor-AndroidDeviceProfileSelector.dll (API version 3944462).
LogModuleManager: Display: Found up-to-date module file ../../../Engine/Plugins/Runtime/AndroidPermission/Binaries/Win64/UE4Editor-AndroidPermission.dll (API version 3944462).
LogModuleManager: Display: Found up-to-date module file ../../../Engine/Plugins/Runtime/AppleARKit/Binaries/Win64/UE4Editor-AppleARKit.dll (API version 3944462).
LogModuleManager: Display: Found up-to-date module file ../../../Engine/Plugins/Runtime/ArchVisCharacter/Binaries/Win64/UE4Editor-ArchVisCharacter.dll (API version 3944462).
LogModuleManager: Display: Found up-to-date module file ../../../Engine/Plugins/Runtime/AudioCapture/Binaries/Win64/UE4Editor-AudioCapture.dll (API version 3944462).
LogModuleManager: Display: Found up-to-date module file ../../../Engine/Plugins/Runtime/AudioCapture/Binaries/Win64/UE4Editor-AudioCaptureEditor.dll (API version 3944462).
LogModuleManager: Display: Found up-to-date module file ../../../Engine/Plugins/Runtime/CableComponent/Binaries/Win64/UE4Editor-CableComponent.dll (API version 3944462).
LogModuleManager: Display: Found up-to-date module file ../../../Engine/Plugins/Runtime/CustomMeshComponent/Binaries/Win64/UE4Editor-CustomMeshComponent.dll (API version 3944462).
LogModuleManager: Display: Found up-to-date module file ../../../Engine/Plugins/Runtime/ExampleDeviceProfileSelector/Binaries/Win64/UE4Editor-ExampleDeviceProfileSelector.dll (API version 3944462).
LogModuleManager: Display: Found up-to-date module file ../../../Engine/Plugins/Runtime/ImmediatePhysics/Binaries/Win64/UE4Editor-ImmediatePhysics.dll (API version 3944462).
LogModuleManager: Display: Found up-to-date module file ../../../Engine/Plugins/Runtime/ImmediatePhysics/Binaries/Win64/UE4Editor-ImmediatePhysicsEditor.dll (API version 3944462).
LogModuleManager: Display: Found up-to-date module file ../../../Engine/Plugins/Runtime/LocationServicesBPLibrary/Binaries/Win64/UE4Editor-LocationServicesBPLibrary.dll (API version 3944462).
LogModuleManager: Display: Found up-to-date module file ../../../Engine/Plugins/Runtime/MobilePatchingUtils/Binaries/Win64/UE4Editor-MobilePatchingUtils.dll (API version 3944462).
LogModuleManager: Display: Found up-to-date module file ../../../Engine/Plugins/Runtime/Oculus/OculusVR/Binaries/Win64/UE4Editor-OculusHMD.dll (API version 3944462).
LogModuleManager: Display: Found up-to-date module file ../../../Engine/Plugins/Runtime/Oculus/OculusVR/Binaries/Win64/UE4Editor-OculusInput.dll (API version 3944462).
LogModuleManager: Display: Found up-to-date module file ../../../Engine/Plugins/Runtime/Oculus/OculusVR/Binaries/Win64/UE4Editor-OculusEditor.dll (API version 3944462).
LogModuleManager: Display: Found up-to-date module file ../../../Engine/Plugins/Runtime/PhysXVehicles/Binaries/Win64/UE4Editor-PhysXVehicles.dll (API version 3944462).
LogModuleManager: Display: Found up-to-date module file ../../../Engine/Plugins/Runtime/PhysXVehicles/Binaries/Win64/UE4Editor-PhysXVehiclesEditor.dll (API version 3944462).
LogModuleManager: Display: Found up-to-date module file ../../../Engine/Plugins/Runtime/ProceduralMeshComponent/Binaries/Win64/UE4Editor-ProceduralMeshComponent.dll (API version 3944462).
LogModuleManager: Display: Found up-to-date module file ../../../Engine/Plugins/Runtime/ProceduralMeshComponent/Binaries/Win64/UE4Editor-ProceduralMeshComponentEditor.dll (API version 3944462).
LogModuleManager: Display: Found up-to-date module file ../../../Engine/Plugins/Runtime/RuntimePhysXCooking/Binaries/Win64/UE4Editor-RuntimePhysXCooking.dll (API version 3944462).
LogModuleManager: Display: Found up-to-date module file ../../../Engine/Plugins/Runtime/Steam/SteamVR/Binaries/Win64/UE4Editor-SteamVR.dll (API version 3944462).
LogModuleManager: Display: Found up-to-date module file ../../../Engine/Plugins/Runtime/Steam/SteamVR/Binaries/Win64/UE4Editor-SteamVRController.dll (API version 3944462).
LogModuleManager: Display: Found up-to-date module file ../../../Engine/Plugins/Runtime/WindowsMoviePlayer/Binaries/Win64/UE4Editor-WindowsMoviePlayer.dll (API version 3944462).
LogInit: Using libcurl 7.47.1
LogInit:  - built for x86_64-pc-win32
LogInit:  - supports SSL with OpenSSL/1.0.2g
LogInit:  - supports HTTP deflate (compression) using libz 1.2.8
LogInit:  - other features:
LogInit:      CURL_VERSION_SSL
LogInit:      CURL_VERSION_LIBZ
LogInit:      CURL_VERSION_IPV6
LogInit:      CURL_VERSION_ASYNCHDNS
LogInit:      CURL_VERSION_LARGEFILE
LogInit:      CURL_VERSION_IDN
LogInit:  CurlRequestOptions (configurable via config and command line):
LogInit:  - bVerifyPeer = false  - Libcurl will NOT verify peer certificate
LogInit:  - bUseHttpProxy = false  - Libcurl will NOT use HTTP proxy
LogInit:  - bDontReuseConnections = false  - Libcurl will reuse connections
LogInit:  - CertBundlePath = nullptr  - Libcurl will use whatever was configured at build time.
LogInit:  - MaxHostConnections = 16  - Libcurl will limit the number of connections to a host
LogInit:  - LocalHostAddr = Default
LogInit: WinSock: version 1.1 (2.2), MaxSocks=32767, MaxUdp=65467
LogInit: WinSock: I am DC-PC (192.168.0.40:0)
LogInit: Build: ++UE4+Release-4.19-CL-4033788
LogInit: Engine Version: 4.19.2-4033788+++UE4+Release-4.19
LogInit: Compatible Engine Version: 4.19.0-3944462+++UE4+Release-4.19
LogInit: Net CL: 3944462
LogDevObjectVersion: Number of dev versions registered: 18
LogDevObjectVersion:   Dev-Blueprints (B0D832E4-1F89-4F0D-ACCF-7EB736FD4AA2): 10
LogDevObjectVersion:   Dev-Build (E1C64328-A22C-4D53-A36C-8E866417BD8C): 0
LogDevObjectVersion:   Dev-Core (375EC13C-06E4-48FB-B500-84F0262A717E): 2
LogDevObjectVersion:   Dev-Editor (E4B068ED-F494-42E9-A231-DA0B2E46BB41): 23
LogDevObjectVersion:   Dev-Framework (CFFC743F-43B0-4480-9391-14DF171D2073): 33
LogDevObjectVersion:   Dev-Mobile (B02B49B5-BB20-44E9-A304-32B752E40360): 2
LogDevObjectVersion:   Dev-Networking (A4E4105C-59A1-49B5-A7C5-40C4547EDFEE): 0
LogDevObjectVersion:   Dev-Online (39C831C9-5AE6-47DC-9A44-9C173E1C8E7C): 0
LogDevObjectVersion:   Dev-Physics (78F01B33-EBEA-4F98-B9B4-84EACCB95AA2): 0
LogDevObjectVersion:   Dev-Platform (6631380F-2D4D-43E0-8009-CF276956A95A): 0
LogDevObjectVersion:   Dev-Rendering (12F88B9F-8875-4AFC-A67C-D90C383ABD29): 25
LogDevObjectVersion:   Dev-Sequencer (7B5AE74C-D270-4C10-A958-57980B212A5A): 6
LogDevObjectVersion:   Dev-VR (D7296918-1DD6-4BDD-9DE2-64A83CC13884): 1
LogDevObjectVersion:   Dev-LoadTimes (C2A15278-BFE7-4AFE-6C17-90FF531DF755): 1
LogDevObjectVersion:   Private-Geometry (6EACA3D4-40EC-4CC1-B786-8BED09428FC5): 2
LogDevObjectVersion:   Dev-AnimPhys (29E575DD-E0A3-4627-9D10-D276232CDCEA): 16
LogDevObjectVersion:   Dev-ReflectionCapture (6B266CEC-1EC7-4B8F-A30B-E4D90942FC07): 1
LogDevObjectVersion:   Dev-Automation (0DF73D61-A23F-47EA-B727-89E90C41499A): 1
LogInit: Compiled (64-bit): Apr 27 2018 02:06:57
LogInit: Compiled with Visual C++: 19.00.24215.01
LogInit: Build Configuration: Development
LogInit: Branch Name: ++UE4+Release-4.19
LogInit: Command Line: -EpicPortal 
LogInit: Base Directory: D:/Program Files/Epic Games/UE_4.19/Engine/Binaries/Win64/
LogInit: Installed Engine Build: 1
LogStreaming: Display: Took  0.000s to delete old logs.
LogInit: Presizing for max 8388607 objects, including 0 objects not considered by GC, pre-allocating 0 bytes for permanent pool.
LogInit: Object subsystem initialized
[2018.05.28-16.20.30:059][  0]LogInit: Selected Device Profile: [Windows]
[2018.05.28-16.20.30:059][  0]LogInit: Applying CVar settings loaded from the selected device profile: [Windows]
[2018.05.28-16.20.30:132][  0]LogInit: Computer: DC-PC
[2018.05.28-16.20.30:132][  0]LogInit: User: Cheikna
[2018.05.28-16.20.30:132][  0]LogInit: CPU Page size=4096, Cores=2
[2018.05.28-16.20.30:132][  0]LogInit: High frequency timer resolution =2.531249 MHz
[2018.05.28-16.20.30:132][  0]LogMemory: Memory total: Physical=7.9GB (8GB approx)
[2018.05.28-16.20.30:133][  0]LogMemory: Platform Memory Stats for Windows
[2018.05.28-16.20.30:133][  0]LogMemory: Process Physical Memory: 274.45 MB used, 274.45 MB peak
[2018.05.28-16.20.30:133][  0]LogMemory: Process Virtual Memory: 265.95 MB used, 265.95 MB peak
[2018.05.28-16.20.30:133][  0]LogMemory: Physical Memory: 5122.47 MB used,  2933.61 MB free, 8056.09 MB total
[2018.05.28-16.20.30:133][  0]LogMemory: Virtual Memory: 4777.03 MB used,  2933.61 MB free, 134217728.00 MB total
[2018.05.28-16.20.30:156][  0]LogInit: Using OS detected language (fr-FR).
[2018.05.28-16.20.30:156][  0]LogInit: Using OS detected locale (fr-FR).
[2018.05.28-16.20.30:159][  0]LogTextLocalizationManager: No localization for 'fr-FR' exists, so 'en' will be used for the language.
[2018.05.28-16.20.30:694][  0]LogStreaming: Display: Took  0.538s to EndInitTextLocalization.
[2018.05.28-16.20.30:694][  0]LogInit: Setting process to per monitor DPI aware
[2018.05.28-16.20.30:744][  0]LogSlate: New Slate User Created.  User Index 0, Is Virtual User: 0
[2018.05.28-16.20.30:744][  0]LogSlate: Slate User Registered.  User Index 0, Is Virtual User: 0
[2018.05.28-16.20.30:989][  0]LogD3D11RHI: D3D11 adapters:
[2018.05.28-16.20.31:033][  0]LogD3D11RHI:    0. 'NVIDIA GeForce GTX 960M' (Feature Level 11_0)
[2018.05.28-16.20.31:033][  0]LogD3D11RHI:       2018/0/4028 MB DedicatedVideo/DedicatedSystem/SharedSystem, Outputs:1, VendorId:0x10de
[2018.05.28-16.20.31:043][  0]LogD3D11RHI:    1. 'Intel(R) HD Graphics 520' (Feature Level 11_0)
[2018.05.28-16.20.31:043][  0]LogD3D11RHI:       128/0/4028 MB DedicatedVideo/DedicatedSystem/SharedSystem, Outputs:0, VendorId:0x8086
[2018.05.28-16.20.31:046][  0]LogD3D11RHI:    2. 'Microsoft Basic Render Driver' (Feature Level 11_0)
[2018.05.28-16.20.31:046][  0]LogD3D11RHI:       0/0/4028 MB DedicatedVideo/DedicatedSystem/SharedSystem, Outputs:0, VendorId:0x1414
[2018.05.28-16.20.31:046][  0]LogD3D11RHI: Chosen D3D11 Adapter: 0
[2018.05.28-16.20.31:064][  0]LogD3D11RHI: Creating new Direct3DDevice
[2018.05.28-16.20.31:065][  0]LogD3D11RHI:     GPU DeviceId: 0x139b (for the marketing name, search the web for "GPU Device Id")
[2018.05.28-16.20.31:065][  0]LogWindows: EnumDisplayDevices:
[2018.05.28-16.20.31:065][  0]LogWindows:    0. 'Intel(R) HD Graphics 520' (P:1 D:1)
[2018.05.28-16.20.31:065][  0]LogWindows:    1. 'Intel(R) HD Graphics 520' (P:0 D:0)
[2018.05.28-16.20.31:065][  0]LogWindows:    2. 'Intel(R) HD Graphics 520' (P:0 D:0)
[2018.05.28-16.20.31:065][  0]LogWindows: DebugString: GetVideoDriverDetailsInvalid PrimaryIsNotTheChoosenAdapter GetVideoDriverDetailsInvalid PrimaryIsNotTheChoosenAdapter GetVideoDriverDetailsInvalid PrimaryIsNotTheChoosenAdapter FoundDriverCount:0 
[2018.05.28-16.20.31:065][  0]LogD3D11RHI:     Adapter Name: NVIDIA GeForce GTX 960M
[2018.05.28-16.20.31:065][  0]LogD3D11RHI:   Driver Version: Unknown (internal:Unknown, unified:Unknown)
[2018.05.28-16.20.31:065][  0]LogD3D11RHI:      Driver Date: Unknown
[2018.05.28-16.20.31:065][  0]LogRHI: Texture pool is 1413 MB (70% of 2018 MB)
[2018.05.28-16.20.31:085][  0]LogD3D11RHI: [Aftermath] Aftermath enabled but failed to initialize
[2018.05.28-16.20.31:085][  0]LogD3D11RHI: [Aftermath] Aftermath enabled and primed
[2018.05.28-16.20.31:085][  0]LogD3D11RHI: Async texture creation enabled
[2018.05.28-16.20.31:103][  0]LogD3D11RHI: GPU Timing Frequency: 1000.000000 (Debug: 2 2)
[2018.05.28-16.20.31:105][  0]LogShaderCompilers: Guid format shader working directory is 0 characters bigger than the processId version (../../../../../../GitHub/EscapeGame/EscapeGame/Intermediate/Shaders/WorkingDirectory/8484/).
[2018.05.28-16.20.31:105][  0]LogShaderCompilers: Cleaned the shader compiler working directory 'C:/Users/cheik/AppData/Local/Temp/UnrealShaderWorkingDir/A8F0E8EF40E4E93F87741BB0B0123826/'.
[2018.05.28-16.20.31:363][  0]LogTemp: Display: Loaded TP AllDesktopTargetPlatform
[2018.05.28-16.20.31:381][  0]LogTemp: Display: Loaded TP MacClientTargetPlatform
[2018.05.28-16.20.31:396][  0]LogTemp: Display: Loaded TP MacNoEditorTargetPlatform
[2018.05.28-16.20.31:413][  0]LogTemp: Display: Loaded TP MacServerTargetPlatform
[2018.05.28-16.20.31:428][  0]LogTemp: Display: Loaded TP MacTargetPlatform
[2018.05.28-16.20.31:444][  0]LogTemp: Display: Loaded TP WindowsClientTargetPlatform
[2018.05.28-16.20.31:459][  0]LogTemp: Display: Loaded TP WindowsNoEditorTargetPlatform
[2018.05.28-16.20.31:475][  0]LogTemp: Display: Loaded TP WindowsServerTargetPlatform
[2018.05.28-16.20.31:481][  0]LogTemp: Display: Loaded TP WindowsTargetPlatform
[2018.05.28-16.20.31:495][  0]LogTemp: Display: Loaded TP Android_ASTCTargetPlatform
[2018.05.28-16.20.31:510][  0]LogTemp: Display: Loaded TP Android_ATCTargetPlatform
[2018.05.28-16.20.31:524][  0]LogTemp: Display: Loaded TP Android_DXTTargetPlatform
[2018.05.28-16.20.31:539][  0]LogTemp: Display: Loaded TP Android_ETC1aTargetPlatform
[2018.05.28-16.20.31:553][  0]LogTemp: Display: Loaded TP Android_ETC1TargetPlatform
[2018.05.28-16.20.31:567][  0]LogTemp: Display: Loaded TP Android_ETC2TargetPlatform
[2018.05.28-16.20.31:596][  0]LogTemp: Display: Loaded TP Android_MultiTargetPlatform
[2018.05.28-16.20.31:596][  0]LogTemp: Display: Loaded TP Android_PVRTCTargetPlatform
[2018.05.28-16.20.31:611][  0]LogTemp: Display: Loaded TP AndroidTargetPlatform
[2018.05.28-16.20.31:612][  0]LogTemp: Display: Loaded TP HTML5TargetPlatform
[2018.05.28-16.20.31:651][  0]LogTemp: Display: Loaded TP IOSTargetPlatform
[2018.05.28-16.20.31:664][  0]LogTemp: Display: Loaded TP TVOSTargetPlatform
[2018.05.28-16.20.31:678][  0]LogTemp: Display: Loaded TP LinuxClientTargetPlatform
[2018.05.28-16.20.31:691][  0]LogTemp: Display: Loaded TP LinuxNoEditorTargetPlatform
[2018.05.28-16.20.31:707][  0]LogTemp: Display: Loaded TP LinuxServerTargetPlatform
[2018.05.28-16.20.31:722][  0]LogTemp: Display: Loaded TP LinuxTargetPlatform
[2018.05.28-16.20.31:722][  0]LogTargetPlatformManager: Display: Building Assets For Windows
[2018.05.28-16.20.31:823][  0]LogXGEController: Cannot use XGE Controller as Incredibuild is not installed on this machine.
[2018.05.28-16.20.31:823][  0]LogShaderCompilers: Cannot use XGE Shader Compiler as Incredibuild is not installed on this machine.
[2018.05.28-16.20.31:823][  0]LogShaderCompilers: Display: Using Local Shader Compiler.
[2018.05.28-16.20.32:629][  0]LogDerivedDataCache: Display: Max Cache Size: 512 MB
[2018.05.28-16.20.32:738][  0]LogDerivedDataCache: Loaded boot cache 0.11s 74MB C:/Users/cheik/AppData/Local/UnrealEngine/4.19/DerivedDataCache/Boot.ddc.
[2018.05.28-16.20.32:738][  0]LogDerivedDataCache: Display: Loaded Boot cache: C:/Users/cheik/AppData/Local/UnrealEngine/4.19/DerivedDataCache/Boot.ddc
[2018.05.28-16.20.32:738][  0]LogDerivedDataCache: FDerivedDataBackendGraph:  Pak pak cache file ../../../../../../GitHub/EscapeGame/EscapeGame/DerivedDataCache/DDC.ddp not found, will not use a pak cache.
[2018.05.28-16.20.32:738][  0]LogDerivedDataCache: Unable to find inner node Pak for hierarchical cache Hierarchy.
[2018.05.28-16.20.32:738][  0]LogDerivedDataCache: FDerivedDataBackendGraph:  CompressedPak pak cache file ../../../../../../GitHub/EscapeGame/EscapeGame/DerivedDataCache/Compressed.ddp not found, will not use a pak cache.
[2018.05.28-16.20.32:738][  0]LogDerivedDataCache: Unable to find inner node CompressedPak for hierarchical cache Hierarchy.
[2018.05.28-16.20.32:759][  0]LogDerivedDataCache: Display: Pak cache opened for reading ../../../Engine/DerivedDataCache/Compressed.ddp.
[2018.05.28-16.20.32:771][  0]LogDerivedDataCache: Using Local data cache path C:/Users/cheik/AppData/Local/UnrealEngine/Common/DerivedDataCache: Writable
[2018.05.28-16.20.32:771][  0]LogDerivedDataCache: Shared data cache path not found in *engine.ini, will not use an Shared cache.
[2018.05.28-16.20.32:771][  0]LogDerivedDataCache: Unable to find inner node Shared for hierarchical cache Hierarchy.
[2018.05.28-16.20.32:787][  0]LogMaterial: Verifying Global Shaders for PCD3D_SM5
[2018.05.28-16.20.32:787][  0]LogSlate: Using Freetype 2.6.0
[2018.05.28-16.20.32:788][  0]LogSlate: SlateFontCache - WITH_FREETYPE: 1, WITH_HARFBUZZ: 1
[2018.05.28-16.20.32:788][  0]LogSlate: SlateFontCache - WITH_FREETYPE: 1, WITH_HARFBUZZ: 1
[2018.05.28-16.20.32:918][  0]LogAssetRegistry: FAssetRegistry took 0.0268 seconds to start up
[2018.05.28-16.20.33:293][  0]LogInit: Selected Device Profile: [Windows]
[2018.05.28-16.20.33:468][  0]LogSimplygon: Simplygon DLL not present - disabling.
[2018.05.28-16.20.33:470][  0]LogMeshReduction: Using SimplygonSwarm for distributed automatic mesh merging
[2018.05.28-16.20.33:471][  0]LogMeshReduction: Using QuadricMeshReduction for automatic static mesh reduction
[2018.05.28-16.20.33:471][  0]LogMeshReduction: No automatic skeletal mesh reduction module available
[2018.05.28-16.20.33:471][  0]LogMeshReduction: No automatic mesh merging module available
[2018.05.28-16.20.33:471][  0]LogMeshMerging: No automatic mesh merging module available
[2018.05.28-16.20.33:503][  0]LogNetVersion: EscapeGame , NetCL: 3944462, EngineNetVer: 2, GameNetVer: 0 (Checksum: 703037013)
[2018.05.28-16.20.34:174][  0]LogPackageLocalizationCache: Processed 9 localized package path(s) for 1 prioritized culture(s) in 0.125102 seconds
[2018.05.28-16.20.34:183][  0]LogUObjectArray: 36728 objects as part of root set at end of initial load.
[2018.05.28-16.20.34:183][  0]LogUObjectAllocator: 7314304 out of 0 bytes used by permanent object pool.
[2018.05.28-16.20.34:183][  0]LogUObjectArray: CloseDisregardForGC: 0/0 objects in disregard for GC pool
[2018.05.28-16.20.36:491][  0]LogTcpMessaging: Initializing TcpMessaging bridge
[2018.05.28-16.20.36:523][  0]LogUdpMessaging: Initializing bridge on interface 0.0.0.0:0 to multicast group 230.0.0.1:6666.
[2018.05.28-16.20.36:974][  0]SourceControl: Source control is disabled
[2018.05.28-16.20.36:974][  0]SourceControl: Source control is disabled
[2018.05.28-16.20.36:993][  0]SourceControl: Source control is disabled
[2018.05.28-16.20.37:010][  0]SourceControl: Source control is disabled
[2018.05.28-16.20.37:510][  0]LogAndroidPermission: UAndroidPermissionCallbackProxy::GetInstance
[2018.05.28-16.20.37:664][  0]LogOcInput: OculusInput pre-init called
[2018.05.28-16.20.37:785][  0]LogEngine: Initializing Engine...
[2018.05.28-16.20.37:786][  0]LogHMD: Failed to initialize OpenVR with code 110
[2018.05.28-16.20.37:788][  0]LogStats: UGameplayTagsManager::ConstructGameplayTagTree: Construct from data asset -  0.000 s
[2018.05.28-16.20.37:789][  0]LogStats: UGameplayTagsManager::ConstructGameplayTagTree: GameplayTagTreeChangedEvent.Broadcast -  0.000 s
[2018.05.28-16.20.38:094][  0]LogAIModule: Creating AISystem for world Untitled
[2018.05.28-16.20.38:126][  0]LogInit: XAudio2 using 'Speakers (Conexant SmartAudio HD)' : 2 channels at 48 kHz using 32 bits per sample (channel mask 0x3)
[2018.05.28-16.20.38:203][  0]LogInit: FAudioDevice initialized.
[2018.05.28-16.20.38:899][  0]LogDerivedDataCache: Saved boot cache 0.70s 74MB C:/Users/cheik/AppData/Local/UnrealEngine/4.19/DerivedDataCache/Boot.ddc.
[2018.05.28-16.20.38:925][  0]LogInit: Texture streaming: Enabled
[2018.05.28-16.20.38:950][  0]LogEngineSessionManager: EngineSessionManager initialized
[2018.05.28-16.20.39:016][  0]LogInit: Transaction tracking system initialized
[2018.05.28-16.20.39:039][  0]BlueprintLog: New page: Editor Load
[2018.05.28-16.20.39:118][  0]LocalizationService: Localization service is disabled
[2018.05.28-16.20.39:223][  0]LogConsoleResponse: Display: 
[2018.05.28-16.20.40:122][  0]LogCook: Display: Max memory allowance for cook 16384mb min free memory 0mb
[2018.05.28-16.20.40:122][  0]LogCook: Display: Mobile HDR setting 1
[2018.05.28-16.20.40:122][  0]LogGameplayTags: Display: UGameplayTagsManager::DoneAddingNativeTags. DelegateIsBound: 0
[2018.05.28-16.20.40:122][  0]LogStats: UGameplayTagsManager::ConstructGameplayTagTree: Construct from data asset -  0.000 s
[2018.05.28-16.20.40:122][  0]LogStats: UGameplayTagsManager::ConstructGameplayTagTree: GameplayTagTreeChangedEvent.Broadcast -  0.000 s
[2018.05.28-16.20.40:129][  0]LogFileCache: Scanning file cache for directory 'D:/GitHub/EscapeGame/EscapeGame/Content/' took 0.02s
[2018.05.28-16.20.40:517][  0]SourceControl: Source control is disabled
[2018.05.28-16.20.40:518][  0]Cmd: MAP LOAD FILE="../../../../../../GitHub/EscapeGame/EscapeGame/Content/NewMap.umap" TEMPLATE=0 SHOWPROGRESS=1 FEATURELEVEL=3
[2018.05.28-16.20.40:518][  0]LightingResults: New page: Lighting Build
[2018.05.28-16.20.40:520][  0]MapCheck: New page: Map Check
[2018.05.28-16.20.40:520][  0]LightingResults: New page: Lighting Build
[2018.05.28-16.20.49:778][  0]LogAIModule: Creating AISystem for world NewMap
[2018.05.28-16.20.49:792][  0]LogEditorServer: Finished looking for orphan Actors (0.000 secs)
[2018.05.28-16.20.49:872][  0]Cmd: MAP CHECKDEP NOCLEARLOG
[2018.05.28-16.20.49:921][  0]MapCheck: Map check complete: 0 Error(s), 0 Warning(s), took 49,022ms to complete.
[2018.05.28-16.20.49:921][  0]LogFileHelpers: Loading map 'NewMap' took 9.404
[2018.05.28-16.20.50:992][  0]LogCollectionManager: Loaded 0 collections in 0.001236 seconds
[2018.05.28-16.20.53:138][  0]LogFileCache: Scanning file cache for directory 'D:/GitHub/EscapeGame/EscapeGame/Saved/Collections/' took 0.01s
[2018.05.28-16.20.53:138][  0]LogFileCache: Scanning file cache for directory 'D:/GitHub/EscapeGame/EscapeGame/Content/Developers/Cheikna/Collections/' took 0.01s
[2018.05.28-16.20.53:138][  0]LogFileCache: Scanning file cache for directory 'D:/GitHub/EscapeGame/EscapeGame/Content/Collections/' took 0.01s
[2018.05.28-16.20.53:138][  0]LogCollectionManager: Rebuilt the GUID cache for 0 collections in 0.000002 seconds
[2018.05.28-16.20.53:176][  0]LogContentBrowser: Native class hierarchy populated in 0.0257 seconds. Added 2455 classes and 560 folders.
[2018.05.28-16.20.53:352][  0]LogContentBrowser: Native class hierarchy updated for 'WidgetCarousel' in 0.0008 seconds. Added 0 classes and 0 folders.
[2018.05.28-16.20.54:463][  0]LogContentBrowser: Native class hierarchy updated for 'AddContentDialog' in 0.0008 seconds. Added 0 classes and 0 folders.
[2018.05.28-16.20.54:682][  0]LogContentBrowser: Native class hierarchy updated for 'SceneOutliner' in 0.0015 seconds. Added 1 classes and 2 folders.
[2018.05.28-16.20.55:673][  0]LogSlate: Took 0.000238 seconds to synchronously load lazily loaded font '../../../Engine/Content/Slate/Fonts/Roboto-Regular.ttf' (155K)
[2018.05.28-16.20.55:704][  0]LogSlate: Took 0.000467 seconds to synchronously load lazily loaded font '../../../Engine/Content/Slate/Fonts/Roboto-Bold.ttf' (160K)
[2018.05.28-16.20.55:740][  0]LogSlate: Took 0.015454 seconds to synchronously load lazily loaded font '../../../Engine/Content/Editor/Slate/Fonts/FontAwesome.ttf' (139K)
[2018.05.28-16.20.56:118][  0]LogRenderer: Reallocating scene render targets to support 1224x432 Format 10 NumSamples 1 (Frame:1).
[2018.05.28-16.20.56:836][  0]LogSlate: Took 0.004651 seconds to synchronously load lazily loaded font '../../../Engine/Content/Slate/Fonts/Roboto-Light.ttf' (167K)
[2018.05.28-16.20.57:019][  0]LogContentBrowser: Native class hierarchy updated for 'HierarchicalLODOutliner' in 0.0008 seconds. Added 0 classes and 0 folders.
[2018.05.28-16.20.57:019][  0]LogLoad: (Engine Initialization) Total time: 30.22 seconds
[2018.05.28-16.20.57:019][  0]LogLoad: (Engine Initialization) Total Blueprint compile time: 0.00 seconds
[2018.05.28-16.20.57:414][  0]LogContentStreaming: Texture pool size now 1000 MB
[2018.05.28-16.20.57:706][  1]LogAssetRegistry: Asset discovery search completed in 24.8109 seconds
[2018.05.28-16.20.57:708][  1]LogCollectionManager: Rebuilt the object cache for 0 collections in 0.000000 seconds (found 0 objects)
[2018.05.28-16.20.57:708][  1]LogCollectionManager: Fixed up redirectors for 0 collections in 0.000100 seconds (updated 0 objects)
[2018.05.28-16.22.21:233][426]LogEditorViewport: Clicking on Actor (LMB): StaticMeshActor (SM_TableRound)
[2018.05.28-16.22.26:637][630]LogSlate: Took 0.042028 seconds to synchronously load lazily loaded font '../../../Engine/Content/Slate/Fonts/Roboto-Italic.ttf' (157K)
[2018.05.28-16.22.28:877][703]LogSlate: FSceneViewport::OnFocusLost() reason 0
[2018.05.28-16.22.37:311][ 26]LogSlate: Took 0.000695 seconds to synchronously load lazily loaded font '../../../Engine/Content/Slate/Fonts/Roboto-Light.ttf' (167K)
[2018.05.28-16.24.34:206][598]LogSlate: Took 0.007418 seconds to synchronously load lazily loaded font '../../../Engine/Content/Slate/Fonts/DroidSansMono.ttf' (77K)
[2018.05.28-16.24.59:516][ 58]Cmd: echo "etst"
[2018.05.28-16.25.02:940][245]Cmd: test
[2018.05.28-16.35.24:011][217]LogVSAccessor: Warning: Couldn't access Visual Studio
[2018.05.28-16.35.24:057][217]Candidate modules for hot reload:
[2018.05.28-16.35.24:057][217]  EscapeGame
[2018.05.28-16.35.24:057][217]Launching UnrealBuildTool... [D:/Program Files/Epic Games/UE_4.19/Engine/Binaries/DotNET/UnrealBuildTool.exe EscapeGame -ModuleWithSuffix=EscapeGame,354 Win64 Development -editorrecompile -canskiplink "D:/GitHub/EscapeGame/EscapeGame/EscapeGame.uproject" ]
[2018.05.28-16.35.24:062][217]Warning: Starting HotReload took  0.2s.
[2018.05.28-16.36.33:491][575]LogEditorViewport: Clicking on Actor (LMB): StaticMeshActor (SM_Door)
[2018.05.28-16.36.40:055][814]LogSlate: FSceneViewport::OnFocusLost() reason 0
[2018.05.28-16.37.35:083][141]CompilerResultsLog: New page: Compilation - 28 mai 2018 20:37:35
[2018.05.28-16.37.35:085][141]CompilerResultsLog: Using 'git status' to determine working set for adaptive non-unity build.
[2018.05.28-16.37.35:086][141]CompilerResultsLog: Creating makefile for hot reloading EscapeGame (no existing makefile)
[2018.05.28-16.37.35:086][141]CompilerResultsLog: Compiling game modules for hot reload
[2018.05.28-16.37.35:086][141]CompilerResultsLog: Parsing headers for EscapeGameEditor
[2018.05.28-16.37.35:086][141]CompilerResultsLog:   Running UnrealHeaderTool "D:\GitHub\EscapeGame\EscapeGame\EscapeGame.uproject" "D:\GitHub\EscapeGame\EscapeGame\Intermediate\Build\Win64\EscapeGameEditor\Development\EscapeGameEditor.uhtmanifest" -LogCmds="loginit warning, logexit warning, logdatabase error" -Unattended -WarningsAsErrors -installed
[2018.05.28-16.37.35:087][141]CompilerResultsLog: Reflection code generated for EscapeGameEditor in 22,9565226 seconds
[2018.05.28-16.37.35:088][141]CompilerResultsLog: Performing 4 actions (2 in parallel)
[2018.05.28-16.37.35:088][141]CompilerResultsLog: OpenDoor.gen.cpp
[2018.05.28-16.37.35:088][141]CompilerResultsLog: OpenDoor.cpp
[2018.05.28-16.37.35:088][141]CompilerResultsLog: Error: d:\github\escapegame\escapegame\source\escapegame\OpenDoor.h(28) : error C2061: erreur de syntaxe?: identificateur 'VisibleAnywhere'
[2018.05.28-16.37.35:088][141]CompilerResultsLog: Error: d:\github\escapegame\escapegame\source\escapegame\OpenDoor.h(29) : error C2144: erreur de syntaxe?: 'float' doit ?tre pr?c?d? de ';'
[2018.05.28-16.37.35:089][141]CompilerResultsLog: Error: d:\github\escapegame\escapegame\source\escapegame\OpenDoor.h(29) : error C4430: sp?cificateur de type manquant - int est pris en compte par d?faut. Remarque?: C++ ne prend pas en charge int par d?faut
[2018.05.28-16.37.35:090][141]CompilerResultsLog: Error: d:\github\escapegame\escapegame\source\escapegame\OpenDoor.h(29) : error C4183: 'UPROPRETY'?: type de retour manquant?; fonction membre retournant 'int' prise par d?faut
[2018.05.28-16.37.35:090][141]LogMainFrame: MainFrame: Module compiling took 131.079 seconds
[2018.05.28-16.37.35:092][141]Warning: HotReload failed, recompile failed
[2018.05.28-16.37.56:519][420]LogSlate: Window 'Message Log' being destroyed
[2018.05.28-16.37.56:534][420]LogSlate: Window 'Message Log' being destroyed
[2018.05.28-16.40.14:513][407]LogTemp: Repeating last play command: Selected Viewport
[2018.05.28-16.40.14:713][407]LogPlayLevel: PlayLevel: No blueprints needed recompiling
[2018.05.28-16.40.14:723][407]PIE: New page: PIE session: NewMap (28 mai 2018 20:40:14)
[2018.05.28-16.40.14:725][407]LogPlayLevel: Creating play world package: /Game/UEDPIE_0_NewMap
[2018.05.28-16.40.14:735][407]LogPlayLevel: PIE: StaticDuplicateObject took: (0.009764s)
[2018.05.28-16.40.14:736][407]LogAIModule: Creating AISystem for world NewMap
[2018.05.28-16.40.14:737][407]LogPlayLevel: PIE: World Init took: (0.001632s)
[2018.05.28-16.40.14:737][407]LogPlayLevel: PIE: Created PIE world by copying editor world from /Game/NewMap.NewMap to /Game/UEDPIE_0_NewMap.NewMap (0.012232s)
[2018.05.28-16.40.14:774][407]LogInit: XAudio2 using 'Speakers (Conexant SmartAudio HD)' : 2 channels at 48 kHz using 32 bits per sample (channel mask 0x3)
[2018.05.28-16.40.14:799][407]LogInit: FAudioDevice initialized.
[2018.05.28-16.40.14:852][407]LogUObjectGlobals: Warning: Failed to find object 'Class /Script/EscapeGame.EscapeGameGameMode'
[2018.05.28-16.40.14:853][407]LogLoad: Game class is 'GameModeBase'
[2018.05.28-16.40.14:922][407]LogWorld: Bringing World /Game/UEDPIE_0_NewMap.NewMap up for play (max tick rate 0) at 2018.05.28-18.40.14
[2018.05.28-16.40.14:925][407]LogWorld: Bringing up level for play took: 0.004106
[2018.05.28-16.40.15:032][407]LogContentBrowser: Native class hierarchy updated for 'MovieSceneCapture' in 0.0011 seconds. Added 11 classes and 0 folders.
[2018.05.28-16.40.15:138][407]LogTemp: Warning: Cet objet qui a pour identifiant SM_Chair_2 est  la position X = X=-435.000 Y=-210.000 Z=20.000, Y= , .
[2018.05.28-16.40.15:138][407]LogTemp: Warning: Cet objet qui a pour identifiant SM_TableRound_5 est  la position X = X=-140.000 Y=110.000 Z=20.000, Y= , .
[2018.05.28-16.40.15:140][407]PIE: Play in editor start time for /Game/UEDPIE_0_NewMap -0,527
[2018.05.28-16.40.26:130][184]LogDirectoryWatcher: Warning: Failed to begin reading directory changes for ../../../../../../GitHub/EscapeGame/EscapeGame/Plugins/. Error: Le fichier spécifié est introuvable. (0x00000002)
[2018.05.28-16.40.44:980][167]LogSlate: Window 'Plugins' being destroyed
[2018.05.28-16.40.44:992][167]LogSlate: Window 'Plugins' being destroyed
[2018.05.28-16.40.44:992][167]LogDirectoryWatcher: A directory notification for '../../../Engine/Plugins/' was aborted.
[2018.05.28-16.40.55:516][732]Cmd: OBJ SAVEPACKAGE PACKAGE="/Game/NewMap" FILE="../../../../../../GitHub/EscapeGame/EscapeGame/Content/NewMap.umap" SILENT=true AUTOSAVING=false KEEPDIRTY=false
[2018.05.28-16.40.55:606][732]LogSavePackage: Save=54.05ms
[2018.05.28-16.40.55:607][732]LogSavePackage: Moving '../../../../../../GitHub/EscapeGame/EscapeGame/Saved/NewMap5E8AC49B45B209B7320A67BFD63BB39E.tmp' to '../../../../../../GitHub/EscapeGame/EscapeGame/Content/NewMap.umap'
[2018.05.28-16.40.55:668][732]LogSavePackage: Display: Finished SavePackage ../../../../../../GitHub/EscapeGame/EscapeGame/Content/NewMap.umap
[2018.05.28-16.40.55:709][732]Cmd: OBJ SAVEPACKAGE PACKAGE="/Game/NewMap_BuiltData" FILE="../../../../../../GitHub/EscapeGame/EscapeGame/Content/NewMap_BuiltData.uasset" SILENT=true
[2018.05.28-16.40.55:936][732]LogSavePackage: Save=222.80ms
[2018.05.28-16.40.55:936][732]LogSavePackage: Moving '../../../../../../GitHub/EscapeGame/EscapeGame/Saved/NewMap_BuiltData5B21394F4F64BD79600436AC4A4FA714.tmp' to '../../../../../../GitHub/EscapeGame/EscapeGame/Content/NewMap_BuiltData.uasset'
[2018.05.28-16.40.55:940][732]LogSavePackage: Display: Finished SavePackage ../../../../../../GitHub/EscapeGame/EscapeGame/Content/NewMap_BuiltData.uasset
[2018.05.28-16.41.03:467][188]Cmd: CLOSE_SLATE_MAINFRAME
[2018.05.28-16.41.03:643][188]LogSlate: Window 'EscapeGame - Unreal Editor' being destroyed
[2018.05.28-16.41.03:943][189]Cmd: QUIT_EDITOR
[2018.05.28-16.41.04:909][189]LogWindowsTextInputMethodSystem: Display: IME system now deactivated.
[2018.05.28-16.41.04:923][189]LogSlate: Slate User Destroyed.  User Index 0, Is Virtual User: 0
[2018.05.28-16.41.04:923][189]LogExit: Preparing to exit.
[2018.05.28-16.41.05:247][189]LogDirectoryWatcher: A directory notification for 'D:/GitHub/EscapeGame/EscapeGame/Content/' was aborted.
[2018.05.28-16.41.05:269][189]LogExit: Editor shut down
[2018.05.28-16.41.05:275][189]LogExit: Transaction tracking system shut down
[2018.05.28-16.41.05:465][189]LogDirectoryWatcher: A directory notification for '../../../Engine/Content/' was aborted.
[2018.05.28-16.41.05:465][189]LogDirectoryWatcher: A directory notification for '../../../../../../GitHub/EscapeGame/EscapeGame/Content/' was aborted.
[2018.05.28-16.41.05:465][189]LogDirectoryWatcher: A directory notification for '../../Plugins/2D/Paper2D/Content/' was aborted.
[2018.05.28-16.41.05:465][189]LogDirectoryWatcher: A directory notification for '../../Plugins/Enterprise/DatasmithContent/Content/' was aborted.
[2018.05.28-16.41.05:465][189]LogDirectoryWatcher: A directory notification for '../../Plugins/Media/MediaCompositing/Content/' was aborted.
[2018.05.28-16.41.05:465][189]LogDirectoryWatcher: A directory notification for '../../Plugins/Runtime/AppleARKit/Content/' was aborted.
[2018.05.28-16.41.05:465][189]LogDirectoryWatcher: A directory notification for '../../Plugins/Runtime/Oculus/OculusVR/Content/' was aborted.
[2018.05.28-16.41.05:466][189]LogDirectoryWatcher: A directory notification for '../../Plugins/Runtime/Steam/SteamVR/Content/' was aborted.
[2018.05.28-16.41.05:536][189]LogExit: Object subsystem successfully closed.
[2018.05.28-16.41.05:557][189]LogShaderCompilers: Display: Shaders left to compile 0
[2018.05.28-16.41.05:561][189]LogD3D11RHI: Shutdown
[2018.05.28-16.41.05:561][189]LogD3D11RHI: CleanupD3DDevice
[2018.05.28-16.41.05:564][189]LogD3D11RHI: ~FD3D11DynamicRHI
[2018.05.28-16.41.05:575][189]LogModuleManager: Shutting down and abandoning module MovieSceneCapture (578)
[2018.05.28-16.41.05:575][189]LogModuleManager: Shutting down and abandoning module HierarchicalLODOutliner (576)
[2018.05.28-16.41.05:575][189]LogModuleManager: Shutting down and abandoning module DesktopPlatform (574)
[2018.05.28-16.41.05:575][189]LogModuleManager: Shutting down and abandoning module SceneOutliner (572)
[2018.05.28-16.41.05:614][189]LogModuleManager: Shutting down and abandoning module AddContentDialog (570)
[2018.05.28-16.41.05:615][189]LogDirectoryWatcher: A directory notification for 'D:/Program Files/Epic Games/UE_4.19/FeaturePacks/' was aborted.
[2018.05.28-16.41.05:617][189]LogModuleManager: Shutting down and abandoning module WidgetCarousel (569)
[2018.05.28-16.41.05:617][189]LogModuleManager: Shutting down and abandoning module EditorWidgets (566)
[2018.05.28-16.41.05:617][189]LogModuleManager: Shutting down and abandoning module CollectionManager (564)
[2018.05.28-16.41.05:617][189]LogDirectoryWatcher: A directory notification for 'D:/GitHub/EscapeGame/EscapeGame/Content/Collections/' was aborted.
[2018.05.28-16.41.05:617][189]LogDirectoryWatcher: A directory notification for 'D:/GitHub/EscapeGame/EscapeGame/Content/Developers/Cheikna/Collections/' was aborted.
[2018.05.28-16.41.05:617][189]LogDirectoryWatcher: A directory notification for 'D:/GitHub/EscapeGame/EscapeGame/Saved/Collections/' was aborted.
[2018.05.28-16.41.05:617][189]LogModuleManager: Shutting down and abandoning module StatsViewer (562)
[2018.05.28-16.41.05:617][189]LogModuleManager: Shutting down and abandoning module FoliageEdit (560)
[2018.05.28-16.41.05:617][189]LogModuleManager: Shutting down and abandoning module LandscapeEditor (558)
[2018.05.28-16.41.05:617][189]LogModuleManager: Shutting down and abandoning module MeshPaintMode (556)
[2018.05.28-16.41.05:617][189]LogModuleManager: Shutting down and abandoning module SceneDepthPickerMode (554)
[2018.05.28-16.41.05:617][189]LogModuleManager: Shutting down and abandoning module ActorPickerMode (552)
[2018.05.28-16.41.05:617][189]LogModuleManager: Shutting down and abandoning module GeometryMode (550)
[2018.05.28-16.41.05:617][189]LogModuleManager: Shutting down and abandoning module TextureAlignMode (548)
[2018.05.28-16.41.05:617][189]LogModuleManager: Shutting down and abandoning module BspMode (546)
[2018.05.28-16.41.05:617][189]LogModuleManager: Shutting down and abandoning module PIEPreviewDeviceProfileSelector (544)
[2018.05.28-16.41.05:617][189]LogModuleManager: Shutting down and abandoning module HardwareSurvey (542)
[2018.05.28-16.41.05:617][189]LogModuleManager: Shutting down and abandoning module SequenceRecorderSections (540)
[2018.05.28-16.41.05:617][189]LogModuleManager: Shutting down and abandoning module AutomationWorker (538)
[2018.05.28-16.41.05:618][189]LogModuleManager: Shutting down and abandoning module AudioCaptureEditor (536)
[2018.05.28-16.41.05:618][189]LogModuleManager: Shutting down and abandoning module SequenceRecorder (535)
[2018.05.28-16.41.05:618][189]LogModuleManager: Shutting down and abandoning module MatineeToLevelSequence (532)
[2018.05.28-16.41.05:618][189]LogModuleManager: Shutting down and abandoning module LevelSequenceEditor (530)
[2018.05.28-16.41.05:618][189]LogModuleManager: Shutting down and abandoning module PlacementMode (529)
[2018.05.28-16.41.05:618][189]LogModuleManager: Shutting down and abandoning module MaterialEditor (528)
[2018.05.28-16.41.05:618][189]LogModuleManager: Shutting down and abandoning module WmfMediaFactory (524)
[2018.05.28-16.41.05:618][189]LogModuleManager: Shutting down and abandoning module WmfMediaEditor (522)
[2018.05.28-16.41.05:618][189]LogModuleManager: Shutting down and abandoning module MediaPlayerEditor (520)
[2018.05.28-16.41.05:618][189]LogModuleManager: Shutting down and abandoning module OpenExrWrapper (518)
[2018.05.28-16.41.05:618][189]LogModuleManager: Shutting down and abandoning module ImgMediaFactory (516)
[2018.05.28-16.41.05:618][189]LogModuleManager: Shutting down and abandoning module ImgMediaEditor (514)
[2018.05.28-16.41.05:618][189]LogModuleManager: Shutting down and abandoning module AvfMediaFactory (512)
[2018.05.28-16.41.05:618][189]LogModuleManager: Shutting down and abandoning module AvfMediaEditor (510)
[2018.05.28-16.41.05:618][189]LogModuleManager: Shutting down and abandoning module AndroidMediaFactory (508)
[2018.05.28-16.41.05:618][189]LogModuleManager: Shutting down and abandoning module AndroidMediaEditor (506)
[2018.05.28-16.41.05:618][189]LogModuleManager: Shutting down and abandoning module CharacterAI (504)
[2018.05.28-16.41.05:618][189]LogModuleManager: Shutting down and abandoning module SmartSnapping (502)
[2018.05.28-16.41.05:618][189]LogModuleManager: Shutting down and abandoning module SessionServices (500)
[2018.05.28-16.41.05:618][189]LogModuleManager: Shutting down and abandoning module ViewportSnapping (498)
[2018.05.28-16.41.05:618][189]LogModuleManager: Shutting down and abandoning module ViewportInteraction (496)
[2018.05.28-16.41.05:618][189]LogModuleManager: Shutting down and abandoning module ClothPainter (494)
[2018.05.28-16.41.05:618][189]LogModuleManager: Shutting down and abandoning module SkeletalMeshEditor (493)
[2018.05.28-16.41.05:618][189]LogModuleManager: Shutting down and abandoning module LogVisualizer (490)
[2018.05.28-16.41.05:618][189]LogModuleManager: Shutting down and abandoning module IntroTutorials (488)
[2018.05.28-16.41.05:620][189]LogModuleManager: Shutting down and abandoning module GameProjectGeneration (487)
[2018.05.28-16.41.05:620][189]LogModuleManager: Shutting down and abandoning module IOSPlatformEditor (484)
[2018.05.28-16.41.05:620][189]LogModuleManager: Shutting down and abandoning module HTML5PlatformEditor (482)
[2018.05.28-16.41.05:620][189]LogModuleManager: Shutting down and abandoning module AndroidPlatformEditor (480)
[2018.05.28-16.41.05:620][189]LogModuleManager: Shutting down and abandoning module AndroidDeviceDetection (479)
[2018.05.28-16.41.05:910][189]LogModuleManager: Shutting down and abandoning module WindowsPlatformEditor (476)
[2018.05.28-16.41.05:910][189]LogModuleManager: Shutting down and abandoning module IOSRuntimeSettings (474)
[2018.05.28-16.41.05:910][189]LogModuleManager: Shutting down and abandoning module AndroidRuntimeSettings (472)
[2018.05.28-16.41.05:910][189]LogModuleManager: Shutting down and abandoning module InputBindingEditor (470)
[2018.05.28-16.41.05:910][189]LogModuleManager: Shutting down and abandoning module MergeActors (468)
[2018.05.28-16.41.05:910][189]LogModuleManager: Shutting down and abandoning module LocalizationDashboard (466)
[2018.05.28-16.41.05:910][189]LogModuleManager: Shutting down and abandoning module LocalizationService (465)
[2018.05.28-16.41.05:910][189]LogModuleManager: Shutting down and abandoning module HardwareTargeting (462)
[2018.05.28-16.41.05:910][189]LogModuleManager: Shutting down and abandoning module DeviceProfileEditor (460)
[2018.05.28-16.41.05:910][189]LogModuleManager: Shutting down and abandoning module UndoHistory (458)
[2018.05.28-16.41.05:910][189]LogModuleManager: Shutting down and abandoning module XmlParser (456)
[2018.05.28-16.41.05:910][189]LogModuleManager: Shutting down and abandoning module Blutility (454)
[2018.05.28-16.41.05:910][189]LogModuleManager: Shutting down and abandoning module ProjectSettingsViewer (452)
[2018.05.28-16.41.05:910][189]LogModuleManager: Shutting down and abandoning module ProjectTargetPlatformEditor (451)
[2018.05.28-16.41.05:910][189]LogModuleManager: Shutting down and abandoning module EditorSettingsViewer (448)
[2018.05.28-16.41.05:910][189]LogModuleManager: Shutting down and abandoning module SettingsEditor (446)
[2018.05.28-16.41.05:911][189]LogModuleManager: Shutting down and abandoning module ProjectLauncher (444)
[2018.05.28-16.41.05:911][189]LogModuleManager: Shutting down and abandoning module SessionFrontend (442)
[2018.05.28-16.41.05:911][189]LogModuleManager: Shutting down and abandoning module ProfilerClient (440)
[2018.05.28-16.41.05:911][189]LogModuleManager: Shutting down and abandoning module DeviceManager (438)
[2018.05.28-16.41.05:911][189]LogModuleManager: Shutting down and abandoning module TargetDeviceServices (437)
[2018.05.28-16.41.05:975][189]LogModuleManager: Shutting down and abandoning module AutomationController (434)
[2018.05.28-16.41.05:975][189]LogModuleManager: Shutting down and abandoning module AutomationWindow (432)
[2018.05.28-16.41.05:975][189]LogModuleManager: Shutting down and abandoning module Layers (430)
[2018.05.28-16.41.05:975][189]LogModuleManager: Shutting down and abandoning module ComponentVisualizers (428)
[2018.05.28-16.41.05:975][189]LogModuleManager: Shutting down and abandoning module DetailCustomizations (426)
[2018.05.28-16.41.05:975][189]LogModuleManager: Shutting down and abandoning module PackagesDialog (424)
[2018.05.28-16.41.05:975][189]LogModuleManager: Shutting down and abandoning module Persona (422)
[2018.05.28-16.41.05:975][189]LogModuleManager: Shutting down and abandoning module AdvancedPreviewScene (421)
[2018.05.28-16.41.05:975][189]LogModuleManager: Shutting down and abandoning module AnimGraph (419)
[2018.05.28-16.41.05:975][189]LogModuleManager: Shutting down and abandoning module Kismet (416)
[2018.05.28-16.41.05:975][189]LogModuleManager: Shutting down and abandoning module GraphEditor (414)
[2018.05.28-16.41.05:975][189]LogModuleManager: Shutting down and abandoning module ClassViewer (412)
[2018.05.28-16.41.05:975][189]LogModuleManager: Shutting down and abandoning module Toolbox (410)
[2018.05.28-16.41.05:975][189]LogModuleManager: Shutting down and abandoning module ModuleUI (408)
[2018.05.28-16.41.05:975][189]LogModuleManager: Shutting down and abandoning module MovieSceneTools (406)
[2018.05.28-16.41.05:975][189]LogModuleManager: Shutting down and abandoning module OutputLog (404)
[2018.05.28-16.41.05:975][189]LogModuleManager: Shutting down and abandoning module GammaUI (402)
[2018.05.28-16.41.05:975][189]LogModuleManager: Shutting down and abandoning module Documentation (400)
[2018.05.28-16.41.05:975][189]LogModuleManager: Shutting down and abandoning module MovieSceneTracks (398)
[2018.05.28-16.41.05:975][189]LogModuleManager: Shutting down and abandoning module MovieScene (396)
[2018.05.28-16.41.05:976][189]LogModuleManager: Shutting down and abandoning module StreamingPauseRendering (394)
[2018.05.28-16.41.05:976][189]LogModuleManager: Shutting down and abandoning module LauncherPlatform (392)
[2018.05.28-16.41.05:976][189]LogModuleManager: Shutting down and abandoning module AnalyticsET (390)
[2018.05.28-16.41.05:976][189]LogModuleManager: Shutting down and abandoning module PortalServices (388)
[2018.05.28-16.41.05:976][189]LogModuleManager: Shutting down and abandoning module PortalRpc (386)
[2018.05.28-16.41.05:976][189]LogModuleManager: Shutting down and abandoning module MessagingRpc (384)
[2018.05.28-16.41.05:976][189]LogModuleManager: Shutting down and abandoning module AIModule (382)
[2018.05.28-16.41.05:976][189]LogModuleManager: Shutting down and abandoning module GameplayDebugger (381)
[2018.05.28-16.41.05:976][189]LogModuleManager: Shutting down and abandoning module AITestSuite (379)
[2018.05.28-16.41.05:976][189]LogModuleManager: Shutting down and abandoning module ProfilerService (376)
[2018.05.28-16.41.06:025][189]LogModuleManager: Shutting down and abandoning module TaskGraph (374)
[2018.05.28-16.41.06:025][189]LogModuleManager: Shutting down and abandoning module SteamVRController (372)
[2018.05.28-16.41.06:025][189]LogModuleManager: Shutting down and abandoning module ProceduralMeshComponentEditor (370)
[2018.05.28-16.41.06:025][189]LogModuleManager: Shutting down and abandoning module ProceduralMeshComponent (368)
[2018.05.28-16.41.06:025][189]LogModuleManager: Shutting down and abandoning module OculusInput (366)
[2018.05.28-16.41.06:025][189]LogModuleManager: Shutting down and abandoning module MobilePatchingUtils (364)
[2018.05.28-16.41.06:025][189]LogModuleManager: Shutting down and abandoning module CustomMeshComponent (362)
[2018.05.28-16.41.06:025][189]LogModuleManager: Shutting down and abandoning module CableComponent (360)
[2018.05.28-16.41.06:025][189]LogModuleManager: Shutting down and abandoning module AudioCapture (358)
[2018.05.28-16.41.06:025][189]LogModuleManager: Shutting down and abandoning module ArchVisCharacter (356)
[2018.05.28-16.41.06:025][189]LogModuleManager: Shutting down and abandoning module AndroidPermission (354)
[2018.05.28-16.41.06:025][189]LogModuleManager: Shutting down and abandoning module NUTUnrealEngine4 (350)
[2018.05.28-16.41.06:025][189]LogModuleManager: Shutting down and abandoning module NetcodeUnitTest (348)
[2018.05.28-16.41.06:025][189]LogModuleManager: Shutting down and abandoning module MediaCompositingEditor (346)
[2018.05.28-16.41.06:025][189]LogModuleManager: Shutting down and abandoning module MediaCompositing (344)
[2018.05.28-16.41.06:025][189]LogModuleManager: Shutting down and abandoning module LinearTimecode (342)
[2018.05.28-16.41.06:025][189]LogModuleManager: Shutting down and abandoning module ImgMedia (340)
[2018.05.28-16.41.06:029][189]LogModuleManager: Shutting down and abandoning module HTML5Networking (338)
[2018.05.28-16.41.06:029][189]LogModuleManager: Shutting down and abandoning module AlembicImporter (336)
[2018.05.28-16.41.06:029][189]LogModuleManager: Shutting down and abandoning module AlembicLibrary (335)
[2018.05.28-16.41.06:029][189]LogModuleManager: Shutting down and abandoning module GeometryCache (334)
[2018.05.28-16.41.06:029][189]LogModuleManager: Shutting down and abandoning module GeometryCacheEd (333)
[2018.05.28-16.41.06:029][189]LogModuleManager: Shutting down and abandoning module DatasmithContent (328)
[2018.05.28-16.41.06:029][189]LogModuleManager: Shutting down and abandoning module SpeedTreeImporter (326)
[2018.05.28-16.41.06:029][189]LogModuleManager: Shutting down and abandoning module PluginBrowser (324)
[2018.05.28-16.41.06:029][189]LogModuleManager: Shutting down and abandoning module MobileLauncherProfileWizard (322)
[2018.05.28-16.41.06:029][189]LogModuleManager: Shutting down and abandoning module CryptoKeysOpenSSL (320)
[2018.05.28-16.41.06:029][189]LogModuleManager: Shutting down and abandoning module CryptoKeys (318)
[2018.05.28-16.41.06:029][189]LogModuleManager: Shutting down and abandoning module VisualStudioSourceCodeAccess (316)
[2018.05.28-16.41.06:029][189]LogModuleManager: Shutting down and abandoning module VisualStudioCodeSourceCodeAccess (314)
[2018.05.28-16.41.06:029][189]LogModuleManager: Shutting down and abandoning module UObjectPlugin (312)
[2018.05.28-16.41.06:029][189]LogModuleManager: Shutting down and abandoning module SubversionSourceControl (310)
[2018.05.28-16.41.06:029][189]LogModuleManager: Shutting down and abandoning module PerforceSourceControl (308)
[2018.05.28-16.41.06:029][189]LogModuleManager: Shutting down and abandoning module GitSourceControl (306)
[2018.05.28-16.41.06:029][189]LogModuleManager: Shutting down and abandoning module SourceControl (305)
[2018.05.28-16.41.06:030][189]LogModuleManager: Shutting down and abandoning module CLionSourceCodeAccess (302)
[2018.05.28-16.41.06:030][189]LogModuleManager: Shutting down and abandoning module LightPropagationVolumeEditor (300)
[2018.05.28-16.41.06:030][189]LogModuleManager: Shutting down and abandoning module PaperTiledImporter (298)
[2018.05.28-16.41.06:030][189]LogModuleManager: Shutting down and abandoning module PaperSpriteSheetImporter (296)
[2018.05.28-16.41.06:030][189]LogModuleManager: Shutting down and abandoning module Paper2DEditor (294)
[2018.05.28-16.41.06:030][189]LogModuleManager: Shutting down and abandoning module MeshPaint (293)
[2018.05.28-16.41.06:030][189]LogModuleManager: Shutting down and abandoning module EscapeGame (290)
[2018.05.28-16.41.06:030][189]LogModuleManager: Shutting down and abandoning module RuntimePhysXCooking (288)
[2018.05.28-16.41.06:030][189]LogModuleManager: Shutting down and abandoning module PhysXVehiclesEditor (286)
[2018.05.28-16.41.06:030][189]LogModuleManager: Shutting down and abandoning module PhysXVehicles (284)
[2018.05.28-16.41.06:030][189]LogModuleManager: Shutting down and abandoning module OculusEditor (282)
[2018.05.28-16.41.06:030][189]LogModuleManager: Shutting down and abandoning module LocationServicesBPLibrary (280)
[2018.05.28-16.41.06:030][189]LogModuleManager: Shutting down and abandoning module ImmediatePhysicsEditor (278)
[2018.05.28-16.41.06:030][189]LogModuleManager: Shutting down and abandoning module ImmediatePhysics (276)
[2018.05.28-16.41.06:030][189]LogModuleManager: Shutting down and abandoning module ActorSequence (274)
[2018.05.28-16.41.06:030][189]LogModuleManager: Shutting down and abandoning module UdpMessaging (272)
[2018.05.28-16.41.06:131][189]LogModuleManager: Shutting down and abandoning module TcpMessaging (270)
[2018.05.28-16.41.06:232][189]LogModuleManager: Shutting down and abandoning module GameplayTagsEditor (268)
[2018.05.28-16.41.06:232][189]LogModuleManager: Shutting down and abandoning module FacialAnimationEditor (266)
[2018.05.28-16.41.06:232][189]LogModuleManager: Shutting down and abandoning module FacialAnimation (264)
[2018.05.28-16.41.06:232][189]LogModuleManager: Shutting down and abandoning module DataValidation (262)
[2018.05.28-16.41.06:232][189]LogModuleManager: Shutting down and abandoning module AssetManagerEditor (260)
[2018.05.28-16.41.06:232][189]LogModuleManager: Shutting down and abandoning module LevelEditor (259)
[2018.05.28-16.41.06:233][189]LogModuleManager: Shutting down and abandoning module PixelInspectorModule (258)
[2018.05.28-16.41.06:233][189]LogModuleManager: Shutting down and abandoning module CommonMenuExtensions (256)
[2018.05.28-16.41.06:233][189]LogModuleManager: Shutting down and abandoning module MainFrame (254)
[2018.05.28-16.41.06:233][189]LogModuleManager: Shutting down and abandoning module HotReload (253)
[2018.05.28-16.41.06:233][189]LogDirectoryWatcher: A directory notification for 'D:/GitHub/EscapeGame/EscapeGame/Binaries/Win64' was aborted.
[2018.05.28-16.41.06:234][189]LogModuleManager: Shutting down and abandoning module ContentBrowser (249)
[2018.05.28-16.41.06:235][189]LogModuleManager: Shutting down and abandoning module TreeMap (247)
[2018.05.28-16.41.06:235][189]LogModuleManager: Shutting down and abandoning module LightPropagationVolumeRuntime (244)
[2018.05.28-16.41.06:235][189]LogModuleManager: Shutting down and abandoning module LiveLinkEditor (242)
[2018.05.28-16.41.06:235][189]LogModuleManager: Shutting down and abandoning module LiveLink (240)
[2018.05.28-16.41.06:859][189]LogModuleManager: Shutting down and abandoning module Paper2D (238)
[2018.05.28-16.41.06:859][189]LogModuleManager: Shutting down and abandoning module WindowsMoviePlayer (236)
[2018.05.28-16.41.06:859][189]LogModuleManager: Shutting down and abandoning module WmfMedia (234)
[2018.05.28-16.41.06:862][189]LogModuleManager: Shutting down and abandoning module Media (233)
[2018.05.28-16.41.06:869][189]LogModuleManager: Shutting down and abandoning module PacketHandler (230)
[2018.05.28-16.41.06:870][189]LogModuleManager: Shutting down and abandoning module ClothingSystemEditor (228)
[2018.05.28-16.41.06:870][189]LogModuleManager: Shutting down and abandoning module ClothingSystemRuntime (226)
[2018.05.28-16.41.06:870][189]LogModuleManager: Shutting down and abandoning module MediaAssets (224)
[2018.05.28-16.41.06:870][189]LogModuleManager: Shutting down and abandoning module Overlay (222)
[2018.05.28-16.41.06:870][189]LogModuleManager: Shutting down and abandoning module OverlayEditor (221)
[2018.05.28-16.41.06:870][189]LogModuleManager: Shutting down and abandoning module VREditor (218)
[2018.05.28-16.41.06:870][189]LogModuleManager: Shutting down and abandoning module StringTableEditor (216)
[2018.05.28-16.41.06:870][189]LogModuleManager: Shutting down and abandoning module GameplayTasksEditor (214)
[2018.05.28-16.41.06:870][189]LogModuleManager: Shutting down and abandoning module BehaviorTreeEditor (212)
[2018.05.28-16.41.06:870][189]LogModuleManager: Shutting down and abandoning module FunctionalTesting (210)
[2018.05.28-16.41.06:870][189]LogModuleManager: Shutting down and abandoning module CollisionAnalyzer (208)
[2018.05.28-16.41.06:870][189]LogModuleManager: Shutting down and abandoning module WorkspaceMenuStructure (207)
[2018.05.28-16.41.06:870][189]LogModuleManager: Shutting down and abandoning module UMG (204)
[2018.05.28-16.41.06:870][189]LogModuleManager: Shutting down and abandoning module UMGEditor (203)
[2018.05.28-16.41.06:870][189]LogModuleManager: Shutting down and abandoning module Sequencer (202)
[2018.05.28-16.41.06:870][189]LogModuleManager: Shutting down and abandoning module MessageLog (199)
[2018.05.28-16.41.06:870][189]LogModuleManager: Shutting down and abandoning module SlateReflector (194)
[2018.05.28-16.41.06:870][189]LogModuleManager: Shutting down and abandoning module Slate (192)
[2018.05.28-16.41.06:870][189]LogModuleManager: Shutting down and abandoning module EditorStyle (190)
[2018.05.28-16.41.06:873][189]LogModuleManager: Shutting down and abandoning module MRMesh (188)
[2018.05.28-16.41.06:873][189]LogModuleManager: Shutting down and abandoning module SourceCodeAccess (186)
[2018.05.28-16.41.06:873][189]LogModuleManager: Shutting down and abandoning module HeadMountedDisplay (184)
[2018.05.28-16.41.06:873][189]LogModuleManager: Shutting down and abandoning module XAudio2 (182)
[2018.05.28-16.41.06:873][189]LogModuleManager: Shutting down and abandoning module Networking (180)
[2018.05.28-16.41.06:873][189]LogModuleManager: Shutting down and abandoning module Core (178)
[2018.05.28-16.41.06:873][189]LogModuleManager: Shutting down and abandoning module LevelSequence (176)
[2018.05.28-16.41.06:873][189]LogModuleManager: Shutting down and abandoning module KismetCompiler (174)
[2018.05.28-16.41.06:873][189]LogModuleManager: Shutting down and abandoning module MeshUtilities (172)
[2018.05.28-16.41.06:873][189]LogModuleManager: Shutting down and abandoning module MeshMergeUtilities (171)
[2018.05.28-16.41.06:873][189]LogModuleManager: Shutting down and abandoning module MeshReductionInterface (170)
[2018.05.28-16.41.06:873][189]LogModuleManager: Shutting down and abandoning module SimplygonSwarm (169)
[2018.05.28-16.41.06:873][189]LogModuleManager: Shutting down and abandoning module SimplygonMeshReduction (167)
[2018.05.28-16.41.06:873][189]LogModuleManager: Shutting down and abandoning module QuadricMeshReduction (165)
[2018.05.28-16.41.06:873][189]LogModuleManager: Shutting down and abandoning module MaterialBaking (161)
[2018.05.28-16.41.06:873][189]LogModuleManager: Shutting down and abandoning module DirectoryWatcher (157)
[2018.05.28-16.41.06:874][189]LogModuleManager: Shutting down and abandoning module DerivedDataCache (154)
[2018.05.28-16.41.06:938][189]LogDerivedDataCache: Shutdown
[2018.05.28-16.41.06:938][189]LogModuleManager: Shutting down and abandoning module XGEController (152)
[2018.05.28-16.41.06:938][189]LogModuleManager: Shutting down and abandoning module TargetPlatform (150)
[2018.05.28-16.41.06:938][189]LogModuleManager: Shutting down and abandoning module VulkanShaderFormat (149)
[2018.05.28-16.41.06:938][189]LogModuleManager: Shutting down and abandoning module ShaderFormatVectorVM (147)
[2018.05.28-16.41.06:938][189]LogModuleManager: Shutting down and abandoning module ShaderFormatOpenGL (145)
[2018.05.28-16.41.06:939][189]LogModuleManager: Shutting down and abandoning module ShaderFormatD3D (143)
[2018.05.28-16.41.06:939][189]LogModuleManager: Shutting down and abandoning module MetalShaderFormat (141)
[2018.05.28-16.41.06:939][189]LogModuleManager: Shutting down and abandoning module TextureFormatUncompressed (139)
[2018.05.28-16.41.06:939][189]LogModuleManager: Shutting down and abandoning module TextureFormatPVR (137)
[2018.05.28-16.41.06:939][189]LogModuleManager: Shutting down and abandoning module TextureFormatDXT (135)
[2018.05.28-16.41.06:939][189]LogModuleManager: Shutting down and abandoning module TextureFormatIntelISPCTexComp (133)
[2018.05.28-16.41.06:939][189]LogModuleManager: Shutting down and abandoning module TextureFormatASTC (131)
[2018.05.28-16.41.06:939][189]LogModuleManager: Shutting down and abandoning module ImageWrapper (130)
[2018.05.28-16.41.06:939][189]LogModuleManager: Shutting down and abandoning module TextureFormatAndroid (127)
[2018.05.28-16.41.06:939][189]LogModuleManager: Shutting down and abandoning module AudioFormatOpus (125)
[2018.05.28-16.41.06:939][189]LogModuleManager: Shutting down and abandoning module AudioFormatOgg (123)
[2018.05.28-16.41.06:939][189]LogModuleManager: Shutting down and abandoning module AudioFormatADPCM (121)
[2018.05.28-16.41.06:939][189]LogModuleManager: Shutting down and abandoning module LinuxTargetPlatform (119)
[2018.05.28-16.41.06:939][189]LogModuleManager: Shutting down and abandoning module LinuxServerTargetPlatform (117)
[2018.05.28-16.41.06:939][189]LogModuleManager: Shutting down and abandoning module LinuxNoEditorTargetPlatform (115)
[2018.05.28-16.41.06:939][189]LogModuleManager: Shutting down and abandoning module LinuxClientTargetPlatform (113)
[2018.05.28-16.41.06:939][189]LogModuleManager: Shutting down and abandoning module TVOSTargetPlatform (111)
[2018.05.28-16.41.06:939][189]LogModuleManager: Shutting down and abandoning module Messaging (109)
[2018.05.28-16.41.06:939][189]LogModuleManager: Shutting down and abandoning module IOSTargetPlatform (107)
[2018.05.28-16.41.06:939][189]LogModuleManager: Shutting down and abandoning module HTML5TargetPlatform (105)
[2018.05.28-16.41.06:939][189]LogModuleManager: Shutting down and abandoning module AndroidTargetPlatform (103)
[2018.05.28-16.41.06:939][189]LogModuleManager: Shutting down and abandoning module Android_PVRTCTargetPlatform (101)
[2018.05.28-16.41.06:939][189]LogModuleManager: Shutting down and abandoning module Android_MultiTargetPlatform (99)
[2018.05.28-16.41.06:939][189]LogModuleManager: Shutting down and abandoning module Android_ETC2TargetPlatform (97)
[2018.05.28-16.41.06:939][189]LogModuleManager: Shutting down and abandoning module Android_ETC1TargetPlatform (95)
[2018.05.28-16.41.06:939][189]LogModuleManager: Shutting down and abandoning module Android_ETC1aTargetPlatform (93)
[2018.05.28-16.41.06:939][189]LogModuleManager: Shutting down and abandoning module Android_DXTTargetPlatform (91)
[2018.05.28-16.41.06:939][189]LogModuleManager: Shutting down and abandoning module Android_ATCTargetPlatform (89)
[2018.05.28-16.41.06:939][189]LogModuleManager: Shutting down and abandoning module Android_ASTCTargetPlatform (87)
[2018.05.28-16.41.06:939][189]LogModuleManager: Shutting down and abandoning module WindowsTargetPlatform (85)
[2018.05.28-16.41.06:939][189]LogModuleManager: Shutting down and abandoning module WindowsServerTargetPlatform (83)
[2018.05.28-16.41.06:939][189]LogModuleManager: Shutting down and abandoning module WindowsNoEditorTargetPlatform (81)
[2018.05.28-16.41.06:940][189]LogModuleManager: Shutting down and abandoning module WindowsClientTargetPlatform (79)
[2018.05.28-16.41.06:940][189]LogModuleManager: Shutting down and abandoning module MacTargetPlatform (77)
[2018.05.28-16.41.06:940][189]LogModuleManager: Shutting down and abandoning module MacServerTargetPlatform (75)
[2018.05.28-16.41.06:940][189]LogModuleManager: Shutting down and abandoning module MacNoEditorTargetPlatform (73)
[2018.05.28-16.41.06:940][189]LogModuleManager: Shutting down and abandoning module MacClientTargetPlatform (71)
[2018.05.28-16.41.06:940][189]LogModuleManager: Shutting down and abandoning module AllDesktopTargetPlatform (69)
[2018.05.28-16.41.06:940][189]LogModuleManager: Shutting down and abandoning module InputCore (66)
[2018.05.28-16.41.06:940][189]LogModuleManager: Shutting down and abandoning module Settings (64)
[2018.05.28-16.41.06:940][189]LogModuleManager: Shutting down and abandoning module PhysXCooking (62)
[2018.05.28-16.41.06:940][189]LogModuleManager: Shutting down and abandoning module SteamVR (60)
[2018.05.28-16.41.06:940][189]LogModuleManager: Shutting down and abandoning module OculusHMD (58)
[2018.05.28-16.41.06:940][189]LogModuleManager: Shutting down and abandoning module ExampleDeviceProfileSelector (56)
[2018.05.28-16.41.06:940][189]LogModuleManager: Shutting down and abandoning module AppleARKit (54)
[2018.05.28-16.41.06:940][189]LogModuleManager: Shutting down and abandoning module AugmentedReality (51)
[2018.05.28-16.41.06:940][189]LogModuleManager: Shutting down and abandoning module OnlineBlueprintSupport (48)
[2018.05.28-16.41.06:940][189]LogModuleManager: Shutting down and abandoning module OnlineSubsystem (44)
[2018.05.28-16.41.06:940][189]LogModuleManager: Shutting down and abandoning module XMPP (43)
[2018.05.28-16.41.06:940][189]LogModuleManager: Shutting down and abandoning module HTTP (41)
[2018.05.28-16.41.06:940][189]LogHttp: Display: Http module shutting down, but needs to wait on 1 outstanding Http requests:
[2018.05.28-16.41.06:940][189]LogHttp: Display: 	verb=[POST] url=[https://datarouter.ol.epicgames.com/datarouter/api/v1/public/data?SessionID=%7B445B8668-4C22-2FF7-B14C-C1830ACF6EFA%7D&AppID=UEEditor.Rocket.Release&AppVersion=4.19.2-4033788%2B%2B%2BUE4%2BRelease-4.19&UserID=63ee644349c071ce27dae582258e4ef1%7C7e9d4f5e26cc45d38026977b4c4ac497%7C91cf051a-55c8-47d2-abc1-c418edb2b539&AppEnvironment=datacollector-binary&UploadType=eteventstream] status=Processing
[2018.05.28-16.41.06:970][189]LogModuleManager: Shutting down and abandoning module SSL (40)
[2018.05.28-16.41.06:972][189]LogModuleManager: Shutting down and abandoning module AnimationModifiers (36)
[2018.05.28-16.41.06:972][189]LogModuleManager: Shutting down and abandoning module PropertyEditor (35)
[2018.05.28-16.41.06:972][189]LogModuleManager: Shutting down and abandoning module AudioEditor (32)
[2018.05.28-16.41.06:972][189]LogModuleManager: Shutting down and abandoning module TextureCompressor (30)
[2018.05.28-16.41.06:972][189]LogModuleManager: Shutting down and abandoning module ShaderCore (28)
[2018.05.28-16.41.06:972][189]LogModuleManager: Shutting down and abandoning module Landscape (26)
[2018.05.28-16.41.06:972][189]LogModuleManager: Shutting down and abandoning module SlateRHIRenderer (24)
[2018.05.28-16.41.06:973][189]LogModuleManager: Shutting down and abandoning module OpenGLDrv (22)
[2018.05.28-16.41.06:973][189]LogModuleManager: Shutting down and abandoning module D3D11RHI (20)
[2018.05.28-16.41.06:973][189]LogModuleManager: Shutting down and abandoning module AnimGraphRuntime (18)
[2018.05.28-16.41.06:973][189]LogModuleManager: Shutting down and abandoning module Renderer (16)
[2018.05.28-16.41.06:973][189]LogModuleManager: Shutting down and abandoning module Engine (14)
[2018.05.28-16.41.06:973][189]LogModuleManager: Shutting down and abandoning module CoreUObject (12)
[2018.05.28-16.41.06:973][189]LogModuleManager: Shutting down and abandoning module NetworkFile (10)
[2018.05.28-16.41.06:973][189]LogModuleManager: Shutting down and abandoning module CookedIterativeFile (8)
[2018.05.28-16.41.06:973][189]LogModuleManager: Shutting down and abandoning module StreamingFile (6)
[2018.05.28-16.41.06:973][189]LogModuleManager: Shutting down and abandoning module SandboxFile (4)
[2018.05.28-16.41.06:973][189]LogModuleManager: Shutting down and abandoning module PakFile (2)
[2018.05.28-16.41.06:979][189]LogExit: Exiting.
[2018.05.28-16.41.06:987][189]Log file closed, 05/28/18 18:41:06
